<?xml version="1.0" encoding="UTF-8"?>
<!-- Generated by org.testng.reporters.JUnitXMLReporter -->
<testsuite ignored="6" hostname="GAVLMUMDT-046" failures="0" tests="1" name="Default test" time="11.296" errors="0" timestamp="2025-12-12T13:49:14 IST">
  <testcase classname="CircularsModule.VerifyCircularsFunctionalityTest" name="verifyUserShouldNotBeAbleToCreateNewCircularWithOut_UploadingPDF" time="6.967"/>
  <testcase classname="CircularsModule.VerifyCircularsFunctionalityTest" name="verifyUserShouldNotBeAbleToCreateNewCircularWithOut_SelectingFromDate" time="0.0">
    <ignored/>
  </testcase> <!-- verifyUserShouldNotBeAbleToCreateNewCircularWithOut_SelectingFromDate -->
  <testcase classname="CircularsModule.VerifyCircularsFunctionalityTest" name="verifyUserShouldNotBeAbleToCreateNewCircularWithOut_SelectingDivision" time="0.0">
    <ignored/>
  </testcase> <!-- verifyUserShouldNotBeAbleToCreateNewCircularWithOut_SelectingDivision -->
  <testcase classname="CircularsModule.VerifyCircularsFunctionalityTest" name="verifyUserShouldNotBeAbleToCreateNewCircularWithOut_SelectingToDate" time="0.0">
    <ignored/>
  </testcase> <!-- verifyUserShouldNotBeAbleToCreateNewCircularWithOut_SelectingToDate -->
  <testcase classname="CircularsModule.VerifyCircularsFunctionalityTest" name="verifyUserShouldBeAbleToCreateNewCircular" time="0.0">
    <ignored/>
  </testcase> <!-- verifyUserShouldBeAbleToCreateNewCircular -->
  <testcase classname="CircularsModule.VerifyCircularsFunctionalityTest" name="verifyUserShouldBeAbleToCreateNewCircularWith_MultipleDivisions" time="0.0">
    <ignored/>
  </testcase> <!-- verifyUserShouldBeAbleToCreateNewCircularWith_MultipleDivisions -->
  <testcase classname="CircularsModule.VerifyCircularsFunctionalityTest" name="verifyUserShouldNotBeAbleToCreateNewCircularWithOut_CircularName" time="0.0">
    <ignored/>
  </testcase> <!-- verifyUserShouldNotBeAbleToCreateNewCircularWithOut_CircularName -->
</testsuite> <!-- Default test -->
