<?xml version="1.0" encoding="UTF-8"?>
<!-- Generated by org.testng.reporters.JUnitXMLReporter -->
<testsuite ignored="7" hostname="GAVLMUMDT-046" failures="0" tests="1" name="Default test" time="12.481" errors="0" timestamp="2026-01-22T16:25:17 IST">
  <testcase classname="CircularsModule.VerifyCircularsFunctionalityTest" name="verifyUserShouldBeAbleToCreateNewCircularWithOut_LinkURL" time="7.377"/>
  <testcase classname="CircularsModule.VerifyCircularsFunctionalityTest" name="verifyUserShouldNotBeAbleToCreateNewCircularWithOut_CircularName" time="0.0">
    <ignored/>
  </testcase> <!-- verifyUserShouldNotBeAbleToCreateNewCircularWithOut_CircularName -->
  <testcase classname="CircularsModule.VerifyCircularsFunctionalityTest" name="verifyUserShouldNotBeAbleToCreateNewCircularWithOut_SelectingDivision" time="0.0">
    <ignored/>
  </testcase> <!-- verifyUserShouldNotBeAbleToCreateNewCircularWithOut_SelectingDivision -->
  <testcase classname="CircularsModule.VerifyCircularsFunctionalityTest" name="verifyUserShouldNotBeAbleToCreateNewCircularWithOut_SelectingFromDate" time="0.0">
    <ignored/>
  </testcase> <!-- verifyUserShouldNotBeAbleToCreateNewCircularWithOut_SelectingFromDate -->
  <testcase classname="CircularsModule.VerifyCircularsFunctionalityTest" name="verifyUserShouldBeAbleToCreateNewCircular" time="0.0">
    <ignored/>
  </testcase> <!-- verifyUserShouldBeAbleToCreateNewCircular -->
  <testcase classname="CircularsModule.VerifyCircularsFunctionalityTest" name="verifyUserShouldNotBeAbleToCreateNewCircularWithOut_UploadingPDF" time="0.0">
    <ignored/>
  </testcase> <!-- verifyUserShouldNotBeAbleToCreateNewCircularWithOut_UploadingPDF -->
  <testcase classname="CircularsModule.VerifyCircularsFunctionalityTest" name="verifyUserShouldNotBeAbleToCreateNewCircularWithOut_SelectingToDate" time="0.0">
    <ignored/>
  </testcase> <!-- verifyUserShouldNotBeAbleToCreateNewCircularWithOut_SelectingToDate -->
  <testcase classname="CircularsModule.VerifyCircularsFunctionalityTest" name="verifyUserShouldBeAbleToCreateNewCircularWith_MultipleDivisions" time="0.0">
    <ignored/>
  </testcase> <!-- verifyUserShouldBeAbleToCreateNewCircularWith_MultipleDivisions -->
</testsuite> <!-- Default test -->
