<?xml version="1.0" encoding="UTF-8"?>
<!-- Generated by org.testng.reporters.JUnitReportReporter -->
<testsuite hostname="GAVLMUMDT-046" failures="0" tests="1" name="OrderModule.VerifyCreateNewOrderFunctionalityTest" time="25.909" errors="0" timestamp="2025-12-10T16:49:19 IST" skipped="0">
  <testcase classname="OrderModule.VerifyCreateNewOrderFunctionalityTest" name="verifyUserShouldBeAbleToCreateNewOrderWithMultipleDivisionSelect" time="25.909"/>
</testsuite> <!-- OrderModule.VerifyCreateNewOrderFunctionalityTest -->
