<?xml version="1.0" encoding="UTF-8"?>
<!-- Generated by org.testng.reporters.JUnitReportReporter -->
<testsuite hostname="GAVLMUMDT-046" failures="0" tests="1" name="serviceRequestModule.VerifyFilterFunctionalityTest" time="20.652" errors="0" timestamp="2026-01-21T15:24:18 IST" skipped="0">
  <testcase classname="serviceRequestModule.VerifyFilterFunctionalityTest" name="verifyUserAbleToFilterData_CC_wise" time="20.652"/>
</testsuite> <!-- serviceRequestModule.VerifyFilterFunctionalityTest -->
