<?xml version="1.0" encoding="UTF-8"?>
<!-- Generated by org.testng.reporters.JUnitReportReporter -->
<testsuite hostname="GAVLMUMDT-046" failures="0" tests="1" name="BannerModule.VerifyCreateNewOrderFunctionalityTest" time="26.253" errors="0" timestamp="2025-12-11T11:02:38 IST" skipped="0">
  <testcase classname="BannerModule.VerifyCreateNewOrderFunctionalityTest" name="verifyUserShouldNotBeAbleToCerateBannerWithout_FromDate" time="26.253"/>
</testsuite> <!-- BannerModule.VerifyCreateNewOrderFunctionalityTest -->
