<?xml version="1.0" encoding="UTF-8"?>
<!-- Generated by org.testng.reporters.JUnitReportReporter -->
<testsuite hostname="GAVLMUMDT-046" failures="0" tests="1" name="CircularsModule.VerifyCircularsFunctionalityTest" time="12.443" errors="0" timestamp="2026-01-22T16:25:17 IST" skipped="0">
  <testcase classname="CircularsModule.VerifyCircularsFunctionalityTest" name="verifyUserShouldBeAbleToCreateNewCircularWithOut_LinkURL" time="12.443"/>
</testsuite> <!-- CircularsModule.VerifyCircularsFunctionalityTest -->
