<?xml version="1.0" encoding="UTF-8"?>
<!-- Generated by org.testng.reporters.JUnitReportReporter -->
<testsuite hostname="GAVLMUMDT-046" failures="0" tests="6" name="BannerModule.VerifyCreateNewOrderFunctionalityTest" time="163.286" errors="0" timestamp="2026-01-22T14:16:31 IST" skipped="0">
  <testcase classname="BannerModule.VerifyCreateNewOrderFunctionalityTest" name="verifyUserShouldBeAbleToCreateNewOrderWithMultipleDivisionSelect" time="42.004"/>
  <testcase classname="BannerModule.VerifyCreateNewOrderFunctionalityTest" name="verifyUserShouldNotBeAbleToCreateBannerWithout_BannerName" time="26.882"/>
  <testcase classname="BannerModule.VerifyCreateNewOrderFunctionalityTest" name="verifyUserShouldBeAbleToCancelProcess" time="14.312"/>
  <testcase classname="BannerModule.VerifyCreateNewOrderFunctionalityTest" name="verifyUserShouldBeAbleToCreateNewOrder" time="29.957"/>
  <testcase classname="BannerModule.VerifyCreateNewOrderFunctionalityTest" name="verifyUserShouldNotBeAbleToCreateBannerWithout_ToDate" time="22.720"/>
  <testcase classname="BannerModule.VerifyCreateNewOrderFunctionalityTest" name="verifyUserShouldNotBeAbleToCreateBannerWithout_FromDate" time="27.411"/>
</testsuite> <!-- BannerModule.VerifyCreateNewOrderFunctionalityTest -->
