<?xml version="1.0" encoding="UTF-8"?>
<!-- Generated by org.testng.reporters.JUnitReportReporter -->
<testsuite hostname="GAVLMUMDT-046" failures="0" tests="1" name="CircularsModule.VerifyCircularsFunctionalityTest" time="11.268" errors="0" timestamp="2025-12-12T13:49:14 IST" skipped="0">
  <testcase classname="CircularsModule.VerifyCircularsFunctionalityTest" name="verifyUserShouldNotBeAbleToCreateNewCircularWithOut_UploadingPDF" time="11.268"/>
</testsuite> <!-- CircularsModule.VerifyCircularsFunctionalityTest -->
