<?xml version="1.0" encoding="UTF-8"?>
<!-- Generated by org.testng.reporters.JUnitReportReporter -->
<testsuite hostname="GAVLMUMDT-046" failures="0" tests="1" name="ProductOverviewPage.verifyUploadAndDownloadFunctionalityTest" time="5.893" errors="0" timestamp="2025-12-09T17:31:41 IST" skipped="0">
  <testcase classname="ProductOverviewPage.verifyUploadAndDownloadFunctionalityTest" name="verifyUserShouldBeAbleToDownloadFile" time="5.893"/>
</testsuite> <!-- ProductOverviewPage.verifyUploadAndDownloadFunctionalityTest -->
