<?xml version="1.0" encoding="UTF-8"?>
<testng-results ignored="7" total="8" passed="1" failed="0" skipped="0">
  <reporter-output>
  </reporter-output>
  <suite started-at="2026-01-22T16:25:04 IST" name="Default suite" finished-at="2026-01-22T16:25:17 IST" duration-ms="12481">
    <groups>
    </groups>
    <test started-at="2026-01-22T16:25:04 IST" name="Default test" finished-at="2026-01-22T16:25:17 IST" duration-ms="12481">
      <class name="CircularsModule.VerifyCircularsFunctionalityTest">
        <test-method is-config="true" signature="startApp()[pri:0, instance:CircularsModule.VerifyCircularsFunctionalityTest@2362f559]" started-at="2026-01-22T16:25:04 IST" name="startApp" finished-at="2026-01-22T16:25:09 IST" duration-ms="4277" status="PASS">
          <reporter-output>
          </reporter-output>
        </test-method> <!-- startApp -->
        <test-method signature="verifyUserShouldBeAbleToCreateNewCircularWithOut_LinkURL()[pri:0, instance:CircularsModule.VerifyCircularsFunctionalityTest@2362f559]" started-at="2026-01-22T16:25:09 IST" name="verifyUserShouldBeAbleToCreateNewCircularWithOut_LinkURL" finished-at="2026-01-22T16:25:16 IST" duration-ms="7377" status="PASS">
          <reporter-output>
          </reporter-output>
        </test-method> <!-- verifyUserShouldBeAbleToCreateNewCircularWithOut_LinkURL -->
        <test-method is-config="true" signature="closeApp()[pri:0, instance:CircularsModule.VerifyCircularsFunctionalityTest@2362f559]" started-at="2026-01-22T16:25:16 IST" name="closeApp" finished-at="2026-01-22T16:25:17 IST" duration-ms="789" status="PASS">
          <reporter-output>
          </reporter-output>
        </test-method> <!-- closeApp -->
      </class> <!-- CircularsModule.VerifyCircularsFunctionalityTest -->
    </test> <!-- Default test -->
  </suite> <!-- Default suite -->
</testng-results>
