<?xml version="1.0" encoding="UTF-8"?>
<testng-results ignored="6" total="7" passed="1" failed="0" skipped="0">
  <reporter-output>
  </reporter-output>
  <suite started-at="2025-12-12T13:49:03 IST" name="Default suite" finished-at="2025-12-12T13:49:14 IST" duration-ms="11296">
    <groups>
    </groups>
    <test started-at="2025-12-12T13:49:03 IST" name="Default test" finished-at="2025-12-12T13:49:14 IST" duration-ms="11296">
      <class name="CircularsModule.VerifyCircularsFunctionalityTest">
        <test-method is-config="true" signature="startApp()[pri:0, instance:CircularsModule.VerifyCircularsFunctionalityTest@7817fd62]" started-at="2025-12-12T13:49:03 IST" name="startApp" finished-at="2025-12-12T13:49:07 IST" duration-ms="4301" status="PASS">
          <reporter-output>
          </reporter-output>
        </test-method> <!-- startApp -->
        <test-method signature="verifyUserShouldNotBeAbleToCreateNewCircularWithOut_UploadingPDF()[pri:0, instance:CircularsModule.VerifyCircularsFunctionalityTest@7817fd62]" started-at="2025-12-12T13:49:07 IST" name="verifyUserShouldNotBeAbleToCreateNewCircularWithOut_UploadingPDF" finished-at="2025-12-12T13:49:14 IST" duration-ms="6967" status="PASS">
          <reporter-output>
          </reporter-output>
        </test-method> <!-- verifyUserShouldNotBeAbleToCreateNewCircularWithOut_UploadingPDF -->
      </class> <!-- CircularsModule.VerifyCircularsFunctionalityTest -->
    </test> <!-- Default test -->
  </suite> <!-- Default suite -->
</testng-results>
